[2026-03-01T14:01:42.171Z] URL: /api/v1/user/status/null, Params: {"clerkId":"null"}, Searching for: "null"
User found: NO
[2026-03-01T14:04:53.016Z] URL: /api/v1/user/status/null, Params: {"clerkId":"null"}, Searching for: "null"
User found: NO
[2026-03-01T14:06:44.390Z] URL: /api/v1/user/status/null, Params: {"clerkId":"null"}, Searching for: "null"
User found: NO
[2026-03-01T14:09:35.463Z] URL: /api/v1/user/status/null, Params: {"clerkId":"null"}, Searching for: "null"
User found: NO
[2026-03-01T14:17:02.850Z] URL: /api/v1/user/status/user_3AGCNPjnbVWCtUtb1MuALLyViCt, Params: {"clerkId":"user_3AGCNPjnbVWCtUtb1MuALLyViCt"}, Searching for: "user_3AGCNPjnbVWCtUtb1MuALLyViCt"
User found: YES
[2026-03-01T14:17:44.701Z] URL: /api/v1/user/status/user_3AGCNPjnbVWCtUtb1MuALLyViCt, Params: {"clerkId":"user_3AGCNPjnbVWCtUtb1MuALLyViCt"}, Searching for: "user_3AGCNPjnbVWCtUtb1MuALLyViCt"
User found: YES
[2026-03-01T14:18:31.040Z] URL: /api/v1/user/status/null, Params: {"clerkId":"null"}, Searching for: "null"
[2026-03-01T14:18:31.076Z] URL: /api/v1/user/status/user_3AGCNPjnbVWCtUtb1MuALLyViCt, Params: {"clerkId":"user_3AGCNPjnbVWCtUtb1MuALLyViCt"}, Searching for: "user_3AGCNPjnbVWCtUtb1MuALLyViCt"
User found: NO
User found: YES
[2026-03-01T14:19:56.754Z] URL: /api/v1/user/status/user_3AGCNPjnbVWCtUtb1MuALLyViCt, Params: {"clerkId":"user_3AGCNPjnbVWCtUtb1MuALLyViCt"}, Searching for: "user_3AGCNPjnbVWCtUtb1MuALLyViCt"
User found: YES
[2026-03-01T14:20:38.849Z] URL: /api/v1/user/status/null, Params: {"clerkId":"null"}, Searching for: "null"
[2026-03-01T14:20:38.934Z] URL: /api/v1/user/status/user_3AGCNPjnbVWCtUtb1MuALLyViCt, Params: {"clerkId":"user_3AGCNPjnbVWCtUtb1MuALLyViCt"}, Searching for: "user_3AGCNPjnbVWCtUtb1MuALLyViCt"
User found: NO
User found: YES
[2026-03-01T14:22:34.432Z] URL: /api/v1/user/status/null, Params: {"clerkId":"null"}, Searching for: "null"
[2026-03-01T14:22:34.523Z] URL: /api/v1/user/status/user_3AGCNPjnbVWCtUtb1MuALLyViCt, Params: {"clerkId":"user_3AGCNPjnbVWCtUtb1MuALLyViCt"}, Searching for: "user_3AGCNPjnbVWCtUtb1MuALLyViCt"
User found: NO
User found: YES
[2026-03-01T14:24:35.232Z] URL: /api/v1/user/status/undefined, Params: {"clerkId":"undefined"}, Searching for: "undefined"
[2026-03-01T14:24:35.314Z] URL: /api/v1/user/status/user_3AGCNPjnbVWCtUtb1MuALLyViCt, Params: {"clerkId":"user_3AGCNPjnbVWCtUtb1MuALLyViCt"}, Searching for: "user_3AGCNPjnbVWCtUtb1MuALLyViCt"
User found: NO
User found: YES
[2026-03-01T14:29:52.840Z] URL: /api/v1/user/status/user_3AGCNPjnbVWCtUtb1MuALLyViCt, Params: {"clerkId":"user_3AGCNPjnbVWCtUtb1MuALLyViCt"}, Searching for: "user_3AGCNPjnbVWCtUtb1MuALLyViCt"
User found: YES
[2026-03-01T15:02:43.018Z] URL: /api/v1/user/status/sia_3ALg5ysAxKgHNqnNKSVm6sk79Gr, Params: {"clerkId":"sia_3ALg5ysAxKgHNqnNKSVm6sk79Gr"}, Searching for: "sia_3ALg5ysAxKgHNqnNKSVm6sk79Gr"
User found: NO
[2026-03-01T15:14:20.841Z] URL: /api/v1/user/status/sia_3ALi345XCYPbECKbWXY6OwPd8HU, Params: {"clerkId":"sia_3ALi345XCYPbECKbWXY6OwPd8HU"}, Searching for: "sia_3ALi345XCYPbECKbWXY6OwPd8HU"
User found: NO
[2026-03-01T15:16:30.226Z] URL: /api/v1/user/status/sia_3ALi7xh2dzabiXVrvPZ87S6k9Gw, Params: {"clerkId":"sia_3ALi7xh2dzabiXVrvPZ87S6k9Gw"}, Searching for: "sia_3ALi7xh2dzabiXVrvPZ87S6k9Gw"
User found: NO
[2026-03-01T17:04:34.864Z] URL: /api/v1/user/status/user_3A71sKRRSTkbnABuZPr50lYbNyX, Params: {"clerkId":"user_3A71sKRRSTkbnABuZPr50lYbNyX"}, Searching for: "user_3A71sKRRSTkbnABuZPr50lYbNyX"
User found: NO
[2026-03-01T18:11:12.754Z] URL: /api/v1/user/status/user_3A71sKRRSTkbnABuZPr50lYbNyX, Params: {"clerkId":"user_3A71sKRRSTkbnABuZPr50lYbNyX"}, Searching for: "user_3A71sKRRSTkbnABuZPr50lYbNyX"
User found: NO
[2026-03-01T18:19:49.856Z] URL: /api/v1/user/status/user_3A71sKRRSTkbnABuZPr50lYbNyX, Params: {"clerkId":"user_3A71sKRRSTkbnABuZPr50lYbNyX"}, Searching for: "user_3A71sKRRSTkbnABuZPr50lYbNyX"
User found: YES
[2026-03-01T18:35:40.686Z] URL: /api/v1/user/status/user_3A71sKRRSTkbnABuZPr50lYbNyX, Params: {"clerkId":"user_3A71sKRRSTkbnABuZPr50lYbNyX"}, Searching for: "user_3A71sKRRSTkbnABuZPr50lYbNyX"
User found: YES
[2026-03-01T19:24:51.036Z] URL: /api/v1/user/status/user_3A71sKRRSTkbnABuZPr50lYbNyX, Params: {"clerkId":"user_3A71sKRRSTkbnABuZPr50lYbNyX"}, Searching for: "user_3A71sKRRSTkbnABuZPr50lYbNyX"
User found: YES
